500  # number of data points
10.000000 0.000001 0.000000 -0.000000 -0.000000 0.000000 -0.113616 0.763976
10.010000 0.000001 0.000000 -0.000000 -0.000000 0.000000 -0.113455 0.763616
10.020000 0.000001 0.000000 -0.000000 -0.000000 0.000000 -0.113296 0.763254
10.030000 0.000001 0.000000 -0.000000 -0.000000 0.000000 -0.113138 0.762892
10.040000 0.000001 0.000000 -0.000000 -0.000000 0.000000 -0.112982 0.762529
10.050000 0.000001 0.000000 -0.000000 -0.000000 0.000000 -0.112827 0.762165
10.060000 0.000001 0.000000 -0.000000 -0.000000 0.000000 -0.112672 0.761801
10.070000 0.000001 0.000000 -0.000000 -0.000000 0.000000 -0.112519 0.761436
10.080000 0.000001 0.000000 -0.000000 -0.000000 0.000000 -0.112367 0.761070
10.090000 0.000001 0.000000 -0.000000 -0.000000 0.000000 -0.112216 0.760704
10.100000 0.000001 0.000000 -0.000000 -0.000000 0.000000 -0.112066 0.760336
10.110000 0.000001 0.000000 -0.000000 -0.000000 0.000000 -0.111917 0.759968
10.120000 0.000001 0.000000 -0.000000 -0.000000 0.000000 -0.111768 0.759600
10.130000 0.000001 0.000000 -0.000000 -0.000000 0.000000 -0.111621 0.759231
10.140000 0.000001 0.000000 -0.000000 -0.000000 0.000000 -0.111475 0.758861
10.150000 0.000001 0.000000 -0.000000 -0.000000 0.000000 -0.111329 0.758490
10.160000 0.000001 0.000000 -0.000000 -0.000000 0.000000 -0.111184 0.758119
10.170000 0.000001 0.000000 -0.000000 -0.000000 0.000000 -0.111040 0.757747
10.180000 0.000001 0.000000 0.000000 0.000000 -0.000000 -0.110897 0.757374
10.190000 0.000001 0.000000 0.000000 0.000000 -0.000000 -0.110754 0.757001
10.200000 0.000001 0.000000 0.000000 0.000000 -0.000000 -0.110612 0.756627
10.210000 0.000001 0.000000 0.000000 0.000000 -0.000000 -0.110470 0.756252
10.220000 0.000001 0.000000 0.000000 0.000000 -0.000000 -0.110329 0.755876
10.230000 0.000001 0.000000 0.000000 0.000000 -0.000000 -0.110189 0.755500
10.240000 0.000001 0.000000 0.000000 0.000000 -0.000000 -0.110049 0.755124
10.250000 0.000001 0.000000 0.000000 0.000000 -0.000000 -0.109910 0.754746
10.260000 0.000001 0.000000 0.000000 0.000000 -0.000000 -0.109771 0.754368
10.270000 0.000001 0.000000 0.000000 0.000000 -0.000000 -0.109632 0.753990
10.280000 0.000001 0.000000 0.000000 0.000000 -0.000000 -0.109494 0.753611
10.290000 0.000001 0.000000 0.000000 0.000000 -0.000000 -0.109356 0.753231
10.300000 0.000001 0.000000 0.000000 0.000000 -0.000000 -0.109218 0.752850
10.310000 0.000001 0.000000 0.000000 0.000000 -0.000000 -0.109081 0.752469
10.320000 0.000001 0.000000 0.000000 0.000000 -0.000000 -0.108944 0.752087
10.330000 0.000001 0.000000 0.000000 0.000000 -0.000000 -0.108807 0.751705
10.340000 0.000001 0.000000 0.000000 0.000000 -0.000000 -0.108670 0.751321
10.350000 0.000001 0.000000 0.000000 0.000000 -0.000000 -0.108534 0.750938
10.360000 0.000001 0.000000 0.000000 0.000000 -0.000000 -0.108397 0.750553
10.370000 0.000001 0.000000 0.000000 0.000000 -0.000000 -0.108261 0.750168
10.380000 0.000001 0.000000 0.000000 0.000000 -0.000000 -0.108124 0.749783
10.390000 0.000001 0.000000 0.000000 0.000000 -0.000000 -0.107988 0.749397
10.400000 0.000001 0.000000 0.000000 0.000000 -0.000000 -0.107851 0.749010
10.410000 0.000001 0.000000 0.000000 0.000000 -0.000000 -0.107715 0.748622
10.420000 0.000001 0.000000 0.000000 0.000000 -0.000000 -0.107578 0.748234
10.430000 0.000001 0.000000 0.000000 0.000000 -0.000000 -0.107441 0.747846
10.440000 0.000001 0.000000 0.000000 0.000000 -0.000000 -0.107304 0.747456
10.450000 0.000001 0.000000 0.000000 0.000000 -0.000000 -0.107167 0.747067
10.460000 0.000001 0.000000 0.000000 0.000000 -0.000000 -0.107029 0.746676
10.470000 0.000001 0.000000 0.000000 0.000000 -0.000000 -0.106891 0.746285
10.480000 0.000001 0.000000 0.000000 0.000000 -0.000000 -0.106753 0.745893
10.490000 0.000001 0.000000 0.000000 0.000000 -0.000000 -0.106615 0.745501
10.500000 0.000001 0.000000 0.000000 0.000000 -0.000000 -0.106476 0.745108
10.510000 0.000001 0.000000 0.000000 0.000000 -0.000000 -0.106336 0.744715
10.520000 0.000001 0.000000 0.000000 0.000000 -0.000000 -0.106197 0.744321
10.530000 0.000001 0.000000 0.000000 0.000000 -0.000000 -0.106056 0.743927
10.540000 0.000001 0.000000 0.000000 0.000000 -0.000000 -0.105915 0.743532
10.550000 0.000001 0.000000 0.000000 0.000000 -0.000000 -0.105774 0.743136
10.560000 0.000001 0.000000 0.000000 0.000000 -0.000000 -0.105632 0.742740
10.570000 0.000001 0.000000 0.000000 0.000000 -0.000000 -0.105489 0.742343
10.580000 0.000001 0.000000 0.000000 0.000000 -0.000000 -0.105346 0.741946
10.590000 0.000001 0.000000 0.000000 0.000000 -0.000000 -0.105202 0.741548
10.600000 0.000001 0.000000 0.000000 0.000000 -0.000000 -0.105057 0.741149
10.610000 0.000001 0.000000 0.000000 0.000000 -0.000000 -0.104911 0.740750
10.620000 0.000001 0.000000 0.000000 0.000000 -0.000000 -0.104765 0.740351
10.630000 0.000001 0.000000 0.000000 0.000000 -0.000000 -0.104618 0.739951
10.640000 0.000001 0.000000 0.000000 0.000000 -0.000000 -0.104470 0.739550
10.650000 0.000001 0.000000 0.000000 0.000000 -0.000000 -0.104321 0.739149
10.660000 0.000001 0.000000 0.000000 0.000000 -0.000000 -0.104171 0.738747
10.670000 0.000001 0.000000 0.000000 0.000000 -0.000000 -0.104020 0.738345
10.680000 0.000001 0.000000 0.000000 0.000000 -0.000000 -0.103868 0.737942
10.690000 0.000001 0.000000 0.000000 0.000000 -0.000000 -0.103714 0.737539
10.700000 0.000001 0.000000 0.000000 0.000000 -0.000000 -0.103560 0.737135
10.710000 0.000001 0.000000 0.000000 0.000000 -0.000000 -0.103405 0.736731
10.720000 0.000001 0.000000 0.000000 0.000000 -0.000000 -0.103249 0.736326
10.730000 0.000001 0.000000 0.000000 0.000000 -0.000000 -0.103091 0.735920
10.740000 0.000001 0.000000 0.000000 0.000000 -0.000000 -0.102932 0.735515
10.750000 0.000001 0.000000 0.000000 0.000000 -0.000000 -0.102772 0.735108
10.760000 0.000001 0.000000 0.000000 0.000000 -0.000000 -0.102610 0.734701
10.770000 0.000001 0.000000 0.000000 0.000000 -0.000000 -0.102448 0.734294
10.780000 0.000001 0.000000 -0.000000 -0.000000 0.000000 -0.102585 0.733840
10.790000 0.000001 0.000000 -0.000000 -0.000000 0.000000 -0.102402 0.733433
10.800000 0.000001 0.000000 -0.000000 -0.000000 0.000000 -0.102219 0.733025
10.810000 0.000001 0.000000 -0.000000 -0.000000 0.000000 -0.102037 0.732617
10.820000 0.000001 0.000000 -0.000000 -0.000000 0.000000 -0.101854 0.732208
10.830000 0.000001 0.000000 -0.000000 -0.000000 0.000000 -0.101672 0.731799
10.840000 0.000001 0.000000 -0.000000 -0.000000 0.000000 -0.101490 0.731389
10.850000 0.000001 0.000000 -0.000000 -0.000000 0.000000 -0.101307 0.730979
10.860000 0.000001 0.000000 -0.000000 -0.000000 0.000000 -0.101125 0.730568
10.870000 0.000001 0.000000 -0.000000 -0.000000 0.000000 -0.100943 0.730157
10.880000 0.000001 0.000000 -0.000000 -0.000000 0.000000 -0.100761 0.729745
10.890000 0.000001 0.000000 -0.000000 -0.000000 0.000000 -0.100578 0.729333
10.900000 0.000001 0.000000 -0.000000 -0.000000 0.000000 -0.100396 0.728920
10.910000 0.000001 0.000000 -0.000000 -0.000000 0.000000 -0.100214 0.728507
10.920000 0.000001 0.000000 -0.000000 -0.000000 0.000000 -0.100031 0.728093
10.930000 0.000001 0.000000 -0.000000 -0.000000 0.000000 -0.099849 0.727679
10.940000 0.000001 0.000000 -0.000000 -0.000000 0.000000 -0.099666 0.727264
10.950000 0.000001 0.000000 -0.000000 -0.000000 0.000000 -0.099483 0.726849
10.960000 0.000001 0.000000 -0.000000 -0.000000 0.000000 -0.099300 0.726434
10.970000 0.000001 0.000000 0.000000 0.000000 -0.000000 -0.099117 0.726018
10.980000 0.000001 0.000000 0.000000 0.000000 -0.000000 -0.098934 0.725601
10.990000 0.000001 0.000000 0.000000 0.000000 -0.000000 -0.098750 0.725184
11.000000 0.000001 0.000000 0.000000 0.000000 -0.000000 -0.098567 0.724767
11.010000 0.000001 0.000000 0.000000 0.000000 -0.000000 -0.098383 0.724349
11.020000 0.000001 0.000000 0.000000 0.000000 -0.000000 -0.098198 0.723931
11.030000 0.000001 0.000000 0.000000 0.000000 -0.000000 -0.098014 0.723513
11.040000 0.000001 0.000000 0.000000 0.000000 -0.000000 -0.097829 0.723094
11.050000 0.000001 0.000000 0.000000 0.000000 -0.000000 -0.097644 0.722674
11.060000 0.000001 0.000000 0.000000 0.000000 -0.000000 -0.097459 0.722254
11.070000 0.000001 0.000000 0.000000 0.000000 -0.000000 -0.097273 0.721834
11.080000 0.000001 0.000000 0.000000 0.000000 -0.000000 -0.097087 0.721413
11.090000 0.000001 0.000000 0.000000 0.000000 -0.000000 -0.096901 0.720992
11.100000 0.000001 0.000000 0.000000 0.000000 -0.000000 -0.096714 0.720571
11.110000 0.000001 0.000000 0.000000 0.000000 -0.000000 -0.096527 0.720149
11.120000 0.000001 0.000000 0.000000 0.000000 -0.000000 -0.096339 0.719726
11.130000 0.000001 0.000000 0.000000 0.000000 -0.000000 -0.096151 0.719304
11.140000 0.000001 0.000000 0.000000 0.000000 -0.000000 -0.095962 0.718881
11.150000 0.000001 0.000000 0.000000 0.000000 -0.000000 -0.095773 0.718457
11.160000 0.000001 0.000000 0.000000 0.000000 -0.000000 -0.095584 0.718033
11.170000 0.000001 0.000000 0.000000 0.000000 -0.000000 -0.095394 0.717609
11.180000 0.000001 0.000000 0.000000 0.000000 -0.000000 -0.095203 0.717184
11.190000 0.000001 0.000000 0.000000 0.000000 -0.000000 -0.095012 0.716760
11.200000 0.000001 0.000000 0.000000 0.000000 -0.000000 -0.094820 0.716334
11.210000 0.000001 0.000000 0.000000 0.000000 -0.000000 -0.094628 0.715909
11.220000 0.000001 0.000000 0.000000 0.000000 -0.000000 -0.094435 0.715482
11.230000 0.000001 0.000000 0.000000 0.000000 -0.000000 -0.094242 0.715056
11.240000 0.000001 0.000000 0.000000 0.000000 -0.000000 -0.094048 0.714629
11.250000 0.000001 0.000000 0.000000 0.000000 -0.000000 -0.093853 0.714202
11.260000 0.000001 0.000000 0.000000 0.000000 -0.000000 -0.093658 0.713775
11.270000 0.000001 0.000000 0.000000 0.000000 -0.000000 -0.093462 0.713347
11.280000 0.000001 0.000000 0.000000 0.000000 -0.000000 -0.093265 0.712919
11.290000 0.000001 0.000000 0.000000 0.000000 -0.000000 -0.093067 0.712491
11.300000 0.000001 0.000000 0.000000 0.000000 -0.000000 -0.092869 0.712062
11.310000 0.000001 0.000000 0.000000 0.000000 -0.000000 -0.092670 0.711633
11.320000 0.000001 0.000000 0.000000 0.000000 -0.000000 -0.092471 0.711204
11.330000 0.000001 0.000000 0.000000 0.000000 -0.000000 -0.092270 0.710774
11.340000 0.000001 0.000000 0.000000 0.000000 -0.000000 -0.092069 0.710344
11.350000 0.000001 0.000000 0.000000 0.000000 -0.000000 -0.091867 0.709914
11.360000 0.000001 0.000000 0.000000 0.000000 -0.000000 -0.091664 0.709483
11.370000 0.000001 0.000000 0.000000 0.000000 -0.000000 -0.091460 0.709052
11.380000 0.000001 0.000000 0.000000 0.000000 -0.000000 -0.091255 0.708621
11.390000 0.000001 0.000000 0.000000 0.000000 -0.000000 -0.091050 0.708190
11.400000 0.000001 0.000000 0.000000 0.000000 -0.000000 -0.090843 0.707758
11.410000 0.000001 0.000000 0.000000 0.000000 -0.000000 -0.090636 0.707326
11.420000 0.000001 0.000000 0.000000 0.000000 -0.000000 -0.090427 0.706894
11.430000 0.000001 0.000000 0.000000 0.000000 -0.000000 -0.090218 0.706461
11.440000 0.000001 0.000000 0.000000 0.000000 -0.000000 -0.090008 0.706028
11.450000 0.000001 0.000000 0.000000 0.000000 -0.000000 -0.089797 0.705595
11.460000 0.000001 0.000000 0.000000 0.000000 -0.000000 -0.089584 0.705162
11.470000 0.000001 0.000000 0.000000 0.000000 -0.000000 -0.089371 0.704728
11.480000 0.000001 0.000000 0.000000 0.000000 -0.000000 -0.089157 0.704294
11.490000 0.000001 0.000000 0.000000 0.000000 -0.000000 -0.088941 0.703860
11.500000 0.000001 0.000000 0.000000 0.000000 -0.000000 -0.088725 0.703426
11.510000 0.000001 0.000000 0.000000 0.000000 -0.000000 -0.088507 0.702991
11.520000 0.000001 0.000000 0.000000 0.000000 -0.000000 -0.088289 0.702557
11.530000 0.000001 0.000000 0.000000 0.000000 -0.000000 -0.088069 0.702121
11.540000 0.000001 0.000000 0.000000 0.000000 -0.000000 -0.087848 0.701686
11.550000 0.000001 0.000000 0.000000 0.000000 -0.000000 -0.087626 0.701251
11.560000 0.000001 0.000000 0.000000 0.000000 -0.000000 -0.087403 0.700815
11.570000 0.000001 0.000000 0.000000 0.000000 -0.000000 -0.087178 0.700379
11.580000 0.000001 0.000000 0.000000 0.000000 -0.000000 -0.086953 0.699943
11.590000 0.000001 0.000000 0.000000 0.000000 -0.000000 -0.086726 0.699507
11.600000 0.000001 0.000000 0.000000 0.000000 -0.000000 -0.086498 0.699070
11.610000 0.000001 0.000000 0.000000 0.000000 -0.000000 -0.086268 0.698633
11.620000 0.000001 0.000000 0.000000 0.000000 -0.000000 -0.086038 0.698196
11.630000 0.000001 0.000000 -0.000000 -0.000000 0.000000 -0.086055 0.697705
11.640000 0.000001 0.000000 -0.000000 -0.000000 0.000000 -0.085807 0.697269
11.650000 0.000001 0.000000 -0.000000 -0.000000 0.000000 -0.085558 0.696832
11.660000 0.000001 0.000000 -0.000000 -0.000000 0.000000 -0.085309 0.696395
11.670000 0.000001 0.000000 -0.000000 -0.000000 0.000000 -0.085060 0.695958
11.680000 0.000001 0.000000 -0.000000 -0.000000 0.000000 -0.084811 0.695521
11.690000 0.000001 0.000000 -0.000000 -0.000000 0.000000 -0.084561 0.695084
11.700000 0.000001 0.000000 -0.000000 -0.000000 0.000000 -0.084312 0.694646
11.710000 0.000001 0.000000 -0.000000 -0.000000 0.000000 -0.084062 0.694209
11.720000 0.000001 0.000000 -0.000000 -0.000000 0.000000 -0.083812 0.693771
11.730000 0.000001 0.000000 -0.000000 -0.000000 0.000000 -0.083562 0.693333
11.740000 0.000001 0.000000 -0.000000 -0.000000 0.000000 -0.083312 0.692895
11.750000 0.000001 0.000000 -0.000000 -0.000000 0.000000 -0.083062 0.692457
11.760000 0.000001 0.000000 -0.000000 -0.000000 0.000000 -0.082812 0.692018
11.770000 0.000001 0.000000 -0.000000 -0.000000 0.000000 -0.082561 0.691580
11.780000 0.000001 0.000000 -0.000000 -0.000000 0.000000 -0.082310 0.691141
11.790000 0.000001 0.000000 -0.000000 -0.000000 0.000000 -0.082059 0.690702
11.800000 0.000001 0.000000 -0.000000 -0.000000 0.000000 -0.081808 0.690263
11.810000 0.000001 0.000000 -0.000000 -0.000000 0.000000 -0.081557 0.689824
11.820000 0.000001 0.000000 -0.000000 -0.000000 0.000000 -0.081305 0.689385
11.830000 0.000001 0.000000 -0.000000 -0.000000 0.000000 -0.081053 0.688945
11.840000 0.000001 0.000000 -0.000000 -0.000000 0.000000 -0.080801 0.688506
11.850000 0.000001 0.000000 0.000000 0.000000 -0.000000 -0.080549 0.688066
11.860000 0.000001 0.000000 0.000000 0.000000 -0.000000 -0.080297 0.687626
11.870000 0.000001 0.000000 0.000000 0.000000 -0.000000 -0.080045 0.687186
11.880000 0.000001 0.000000 0.000000 0.000000 -0.000000 -0.079792 0.686746
11.890000 0.000001 0.000000 0.000000 0.000000 -0.000000 -0.079539 0.686305
11.900000 0.000001 0.000000 0.000000 0.000000 -0.000000 -0.079286 0.685865
11.910000 0.000001 0.000000 0.000000 0.000000 -0.000000 -0.079033 0.685424
11.920000 0.000001 0.000000 0.000000 0.000000 -0.000000 -0.078779 0.684984
11.930000 0.000001 0.000000 0.000000 0.000000 -0.000000 -0.078525 0.684543
11.940000 0.000001 0.000000 0.000000 0.000000 -0.000000 -0.078271 0.684102
11.950000 0.000001 0.000000 0.000000 0.000000 -0.000000 -0.078017 0.683661
11.960000 0.000001 0.000000 0.000000 0.000000 -0.000000 -0.077763 0.683220
11.970000 0.000001 0.000000 0.000000 0.000000 -0.000000 -0.077508 0.682779
11.980000 0.000001 0.000000 0.000000 0.000000 -0.000000 -0.077253 0.682337
11.990000 0.000001 0.000000 0.000000 0.000000 -0.000000 -0.076998 0.681896
12.000000 0.000001 0.000000 0.000000 0.000000 -0.000000 -0.076743 0.681454
12.010000 0.000001 0.000000 0.000000 0.000000 -0.000000 -0.076487 0.681012
12.020000 0.000001 0.000000 0.000000 0.000000 -0.000000 -0.076231 0.680570
12.030000 0.000001 0.000000 0.000000 0.000000 -0.000000 -0.075975 0.680128
12.040000 0.000001 0.000000 0.000000 0.000000 -0.000000 -0.075719 0.679686
12.050000 0.000001 0.000000 0.000000 0.000000 -0.000000 -0.075462 0.679244
12.060000 0.000001 0.000000 0.000000 0.000000 -0.000000 -0.075205 0.678802
12.070000 0.000001 0.000000 0.000000 0.000000 -0.000000 -0.074948 0.678359
12.080000 0.000001 0.000000 0.000000 0.000000 -0.000000 -0.074691 0.677917
12.090000 0.000001 0.000000 0.000000 0.000000 -0.000000 -0.074433 0.677474
12.100000 0.000001 0.000000 0.000000 0.000000 -0.000000 -0.074175 0.677032
12.110000 0.000001 0.000000 0.000000 0.000000 -0.000000 -0.073917 0.676589
12.120000 0.000001 0.000000 0.000000 0.000000 -0.000000 -0.073659 0.676146
12.130000 0.000001 0.000000 0.000000 0.000000 -0.000000 -0.073400 0.675703
12.140000 0.000001 0.000000 0.000000 0.000000 -0.000000 -0.073141 0.675260
12.150000 0.000001 0.000000 0.000000 0.000000 -0.000000 -0.072882 0.674817
12.160000 0.000001 0.000000 0.000000 0.000000 -0.000000 -0.072622 0.674374
12.170000 0.000001 0.000000 0.000000 0.000000 -0.000000 -0.072362 0.673930
12.180000 0.000001 0.000000 0.000000 0.000000 -0.000000 -0.072102 0.673487
12.190000 0.000001 0.000000 0.000000 0.000000 -0.000000 -0.071841 0.673043
12.200000 0.000001 0.000000 0.000000 0.000000 -0.000000 -0.071581 0.672600
12.210000 0.000001 0.000000 0.000000 0.000000 -0.000000 -0.071320 0.672156
12.220000 0.000001 0.000000 0.000000 0.000000 -0.000000 -0.071058 0.671712
12.230000 0.000001 0.000000 0.000000 0.000000 -0.000000 -0.070796 0.671268
12.240000 0.000001 0.000000 0.000000 0.000000 -0.000000 -0.070534 0.670825
12.250000 0.000001 0.000000 0.000000 0.000000 -0.000000 -0.070272 0.670381
12.260000 0.000001 0.000000 0.000000 0.000000 -0.000000 -0.070009 0.669937
12.270000 0.000001 0.000000 0.000000 0.000000 -0.000000 -0.069747 0.669493
12.280000 0.000001 0.000000 0.000000 0.000000 -0.000000 -0.069483 0.669048
12.290000 0.000001 0.000000 0.000000 0.000000 -0.000000 -0.069220 0.668604
12.300000 0.000001 0.000000 0.000000 0.000000 -0.000000 -0.068956 0.668160
12.310000 0.000001 0.000000 0.000000 0.000000 -0.000000 -0.068691 0.667715
12.320000 0.000001 0.000000 0.000000 0.000000 -0.000000 -0.068427 0.667271
12.330000 0.000001 0.000000 0.000000 0.000000 -0.000000 -0.068162 0.666827
12.340000 0.000001 0.000000 0.000000 0.000000 -0.000000 -0.067897 0.666382
12.350000 0.000001 0.000000 0.000000 0.000000 -0.000000 -0.067631 0.665937
12.360000 0.000001 0.000000 0.000000 0.000000 -0.000000 -0.067365 0.665493
12.370000 0.000001 0.000000 0.000000 0.000000 -0.000000 -0.067099 0.665048
12.380000 0.000001 0.000000 0.000000 0.000000 -0.000000 -0.066832 0.664603
12.390000 0.000001 0.000000 0.000000 0.000000 -0.000000 -0.066565 0.664159
12.400000 0.000001 0.000000 0.000000 0.000000 -0.000000 -0.066297 0.663714
12.410000 0.000001 0.000000 0.000000 0.000000 -0.000000 -0.066030 0.663269
12.420000 0.000001 0.000000 0.000000 0.000000 -0.000000 -0.065761 0.662824
12.430000 0.000001 0.000000 0.000000 0.000000 -0.000000 -0.065493 0.662379
12.440000 0.000001 0.000000 0.000000 0.000000 -0.000000 -0.065224 0.661934
12.450000 0.000001 0.000000 0.000000 0.000000 -0.000000 -0.064955 0.661489
12.460000 0.000001 0.000000 0.000000 0.000000 -0.000000 -0.064685 0.661044
12.470000 0.000001 0.000000 0.000000 0.000000 -0.000000 -0.064415 0.660599
12.480000 0.000001 0.000000 0.000000 0.000000 -0.000000 -0.064145 0.660154
12.490000 0.000001 0.000000 0.000000 0.000000 -0.000000 -0.063874 0.659708
12.500000 0.000001 0.000000 0.000000 0.000000 -0.000000 -0.063603 0.659263
12.510000 0.000001 0.000000 0.000000 0.000000 -0.000000 -0.063331 0.658818
12.520000 0.000001 0.000000 0.000000 0.000000 -0.000000 -0.063059 0.658373
12.530000 0.000001 0.000000 0.000000 0.000000 -0.000000 -0.062787 0.657927
12.540000 0.000001 0.000000 0.000000 0.000000 -0.000000 -0.062514 0.657482
12.550000 0.000001 0.000000 0.000000 0.000000 -0.000000 -0.062241 0.657037
12.560000 0.000001 0.000000 0.000000 0.000000 -0.000000 -0.061967 0.656591
12.570000 0.000001 0.000000 0.000000 0.000000 -0.000000 -0.061693 0.656146
12.580000 0.000001 0.000000 0.000000 0.000000 -0.000000 -0.061419 0.655701
12.590000 0.000001 0.000000 0.000000 0.000000 -0.000000 -0.061144 0.655255
12.600000 0.000001 0.000000 -0.000000 -0.000000 0.000000 -0.061388 0.654582
12.610000 0.000001 0.000000 -0.000000 -0.000000 0.000000 -0.061079 0.654147
12.620000 0.000001 0.000000 -0.000000 -0.000000 0.000000 -0.060771 0.653711
12.630000 0.000001 0.000000 -0.000000 -0.000000 0.000000 -0.060464 0.653275
12.640000 0.000001 0.000000 -0.000000 -0.000000 0.000000 -0.060158 0.652839
12.650000 0.000001 0.000000 -0.000000 -0.000000 0.000000 -0.059853 0.652402
12.660000 0.000001 0.000000 -0.000000 -0.000000 0.000000 -0.059549 0.651966
12.670000 0.000001 0.000000 -0.000000 -0.000000 0.000000 -0.059246 0.651529
12.680000 0.000001 0.000000 -0.000000 -0.000000 0.000000 -0.058944 0.651091
12.690000 0.000001 0.000000 -0.000000 -0.000000 0.000000 -0.058643 0.650653
12.700000 0.000001 0.000000 -0.000000 -0.000000 0.000000 -0.058344 0.650215
12.710000 0.000001 0.000000 -0.000000 -0.000000 0.000000 -0.058045 0.649777
12.720000 0.000001 0.000000 -0.000000 -0.000000 0.000000 -0.057747 0.649338
12.730000 0.000001 0.000000 -0.000000 -0.000000 0.000000 -0.057450 0.648899
12.740000 0.000001 0.000000 -0.000000 -0.000000 0.000000 -0.057154 0.648460
12.750000 0.000001 0.000000 -0.000000 -0.000000 0.000000 -0.056858 0.648021
12.760000 0.000001 0.000000 -0.000000 -0.000000 0.000000 -0.056564 0.647581
12.770000 0.000001 0.000000 -0.000000 -0.000000 0.000000 -0.056271 0.647141
12.780000 0.000001 0.000000 -0.000000 -0.000000 0.000000 -0.055978 0.646701
12.790000 0.000001 0.000000 -0.000000 -0.000000 0.000000 -0.055687 0.646260
12.800000 0.000001 0.000000 -0.000000 -0.000000 0.000000 -0.055396 0.645819
12.810000 0.000001 0.000000 -0.000000 -0.000000 0.000000 -0.055106 0.645378
12.820000 0.000001 0.000000 -0.000000 -0.000000 0.000000 -0.054817 0.644937
12.830000 0.000001 0.000000 -0.000000 -0.000000 0.000000 -0.054529 0.644495
12.840000 0.000001 0.000000 -0.000000 -0.000000 0.000000 -0.054241 0.644053
12.850000 0.000001 0.000000 0.000000 0.000000 -0.000000 -0.053955 0.643611
12.860000 0.000001 0.000000 0.000000 0.000000 -0.000000 -0.053669 0.643169
12.870000 0.000001 0.000000 0.000000 0.000000 -0.000000 -0.053384 0.642726
12.880000 0.000001 0.000000 0.000000 0.000000 -0.000000 -0.053100 0.642284
12.890000 0.000001 0.000000 0.000000 0.000000 -0.000000 -0.052816 0.641841
12.900000 0.000001 0.000000 0.000000 0.000000 -0.000000 -0.052533 0.641397
12.910000 0.000001 0.000000 0.000000 0.000000 -0.000000 -0.052251 0.640954
12.920000 0.000001 0.000000 0.000000 0.000000 -0.000000 -0.051970 0.640510
12.930000 0.000001 0.000000 0.000000 0.000000 -0.000000 -0.051689 0.640066
12.940000 0.000001 0.000000 0.000000 0.000000 -0.000000 -0.051409 0.639622
12.950000 0.000001 0.000000 0.000000 0.000000 -0.000000 -0.051130 0.639177
12.960000 0.000001 0.000000 0.000000 0.000000 -0.000000 -0.050851 0.638733
12.970000 0.000001 0.000000 0.000000 0.000000 -0.000000 -0.050573 0.638288
12.980000 0.000001 0.000000 0.000000 0.000000 -0.000000 -0.050296 0.637843
12.990000 0.000001 0.000000 0.000000 0.000000 -0.000000 -0.050019 0.637398
13.000000 0.000001 0.000000 0.000000 0.000000 -0.000000 -0.049743 0.636952
13.010000 0.000001 0.000000 0.000000 0.000000 -0.000000 -0.049468 0.636507
13.020000 0.000001 0.000000 0.000000 0.000000 -0.000000 -0.049193 0.636061
13.030000 0.000001 0.000000 0.000000 0.000000 -0.000000 -0.048918 0.635615
13.040000 0.000001 0.000000 0.000000 0.000000 -0.000000 -0.048645 0.635168
13.050000 0.000001 0.000000 0.000000 0.000000 -0.000000 -0.048371 0.634722
13.060000 0.000001 0.000000 0.000000 0.000000 -0.000000 -0.048099 0.634275
13.070000 0.000001 0.000000 0.000000 0.000000 -0.000000 -0.047826 0.633829
13.080000 0.000001 0.000000 0.000000 0.000000 -0.000000 -0.047555 0.633382
13.090000 0.000001 0.000000 0.000000 0.000000 -0.000000 -0.047284 0.632935
13.100000 0.000001 0.000000 0.000000 0.000000 -0.000000 -0.047013 0.632487
13.110000 0.000001 0.000000 0.000000 0.000000 -0.000000 -0.046743 0.632040
13.120000 0.000001 0.000000 0.000000 0.000000 -0.000000 -0.046473 0.631592
13.130000 0.000001 0.000000 0.000000 0.000000 -0.000000 -0.046204 0.631144
13.140000 0.000001 0.000000 0.000000 0.000000 -0.000000 -0.045935 0.630696
13.150000 0.000001 0.000000 0.000000 0.000000 -0.000000 -0.045667 0.630248
13.160000 0.000001 0.000000 0.000000 0.000000 -0.000000 -0.045399 0.629800
13.170000 0.000001 0.000000 0.000000 0.000000 -0.000000 -0.045131 0.629352
13.180000 0.000001 0.000000 0.000000 0.000000 -0.000000 -0.044864 0.628903
13.190000 0.000001 0.000000 0.000000 0.000000 -0.000000 -0.044597 0.628454
13.200000 0.000001 0.000000 0.000000 0.000000 -0.000000 -0.044330 0.628006
13.210000 0.000001 0.000000 0.000000 0.000000 -0.000000 -0.044064 0.627557
13.220000 0.000001 0.000000 0.000000 0.000000 -0.000000 -0.043799 0.627108
13.230000 0.000001 0.000000 0.000000 0.000000 -0.000000 -0.043533 0.626658
13.240000 0.000001 0.000000 0.000000 0.000000 -0.000000 -0.043268 0.626209
13.250000 0.000001 0.000000 0.000000 0.000000 -0.000000 -0.043003 0.625759
13.260000 0.000001 0.000000 0.000000 0.000000 -0.000000 -0.042739 0.625310
13.270000 0.000001 0.000000 0.000000 0.000000 -0.000000 -0.042474 0.624860
13.280000 0.000001 0.000000 0.000000 0.000000 -0.000000 -0.042210 0.624410
13.290000 0.000001 0.000000 0.000000 0.000000 -0.000000 -0.041947 0.623960
13.300000 0.000001 0.000000 0.000000 0.000000 -0.000000 -0.041683 0.623510
13.310000 0.000001 0.000000 0.000000 0.000000 -0.000000 -0.041420 0.623060
13.320000 0.000001 0.000000 0.000000 0.000000 -0.000000 -0.041157 0.622610
13.330000 0.000001 0.000000 0.000000 0.000000 -0.000000 -0.040894 0.622160
13.340000 0.000001 0.000000 0.000000 0.000000 -0.000000 -0.040631 0.621709
13.350000 0.000001 0.000000 0.000000 0.000000 -0.000000 -0.040369 0.621259
13.360000 0.000001 0.000000 0.000000 0.000000 -0.000000 -0.040106 0.620808
13.370000 0.000001 0.000000 0.000000 0.000000 -0.000000 -0.039844 0.620357
13.380000 0.000001 0.000000 0.000000 0.000000 -0.000000 -0.039582 0.619907
13.390000 0.000001 0.000000 0.000000 0.000000 -0.000000 -0.039320 0.619456
13.400000 0.000001 0.000000 0.000000 0.000000 -0.000000 -0.039058 0.619005
13.410000 0.000001 0.000000 0.000000 0.000000 -0.000000 -0.038797 0.618554
13.420000 0.000001 0.000000 0.000000 0.000000 -0.000000 -0.038535 0.618103
13.430000 0.000001 0.000000 0.000000 0.000000 -0.000000 -0.038274 0.617652
13.440000 0.000001 0.000000 0.000000 0.000000 -0.000000 -0.038012 0.617200
13.450000 0.000001 0.000000 0.000000 0.000000 -0.000000 -0.037751 0.616749
13.460000 0.000001 0.000000 0.000000 0.000000 -0.000000 -0.037489 0.616298
13.470000 0.000001 0.000000 0.000000 0.000000 -0.000000 -0.037228 0.615846
13.480000 0.000001 0.000000 0.000000 0.000000 -0.000000 -0.036967 0.615395
13.490000 0.000001 0.000000 0.000000 0.000000 -0.000000 -0.036706 0.614943
13.500000 0.000001 0.000000 0.000000 0.000000 -0.000000 -0.036444 0.614492
13.510000 0.000001 0.000000 0.000000 0.000000 -0.000000 -0.036183 0.614040
13.520000 0.000001 0.000000 0.000000 0.000000 -0.000000 -0.035922 0.613589
13.530000 0.000001 0.000000 0.000000 0.000000 -0.000000 -0.035660 0.613137
13.540000 0.000001 0.000000 0.000000 0.000000 -0.000000 -0.035399 0.612685
13.550000 0.000001 0.000000 0.000000 0.000000 -0.000000 -0.035137 0.612234
13.560000 0.000001 0.000000 0.000000 0.000000 -0.000000 -0.034875 0.611782
13.570000 0.000001 0.000000 0.000000 0.000000 -0.000000 -0.034614 0.611330
13.580000 0.000001 0.000000 0.000000 0.000000 -0.000000 -0.034352 0.610879
13.590000 0.000001 0.000000 0.000000 0.000000 -0.000000 -0.034090 0.610427
13.600000 0.000001 0.000000 0.000000 0.000000 -0.000000 -0.033828 0.609975
13.610000 0.000001 0.000000 0.000000 0.000000 -0.000000 -0.033566 0.609523
13.620000 0.000001 0.000000 0.000000 0.000000 -0.000000 -0.033303 0.609071
13.630000 0.000001 0.000000 0.000000 0.000000 -0.000000 -0.033041 0.608620
13.640000 0.000001 0.000000 0.000000 0.000000 -0.000000 -0.032778 0.608168
13.650000 0.000001 0.000000 0.000000 0.000000 -0.000000 -0.032515 0.607716
13.660000 0.000001 0.000000 0.000000 0.000000 -0.000000 -0.032252 0.607264
13.670000 0.000001 0.000000 0.000000 0.000000 -0.000000 -0.031989 0.606812
13.680000 0.000001 0.000000 0.000000 0.000000 -0.000000 -0.031725 0.606361
13.690000 0.000001 0.000000 0.000000 0.000000 -0.000000 -0.031461 0.605909
13.700000 0.000001 0.000000 0.000000 0.000000 -0.000000 -0.031197 0.605457
13.710000 0.000001 0.000000 0.000002 -0.000001 -0.000000 -0.032081 0.595956
13.720000 0.000001 0.000000 0.000002 -0.000001 -0.000000 -0.031773 0.595989
13.730000 0.000001 0.000000 0.000001 -0.000000 -0.000000 -0.031467 0.596006
13.740000 0.000001 0.000000 0.000001 -0.000000 -0.000000 -0.030754 0.599261
13.750000 0.000001 0.000000 0.000001 -0.000000 -0.000000 -0.030468 0.599114
13.760000 0.000001 0.000000 0.000001 -0.000000 -0.000000 -0.030183 0.598956
13.770000 0.000001 0.000000 0.000001 -0.000000 -0.000000 -0.029900 0.598786
13.780000 0.000001 0.000000 0.000001 -0.000000 -0.000000 -0.029617 0.598605
13.790000 0.000001 0.000000 0.000001 -0.000000 -0.000000 -0.029337 0.598412
13.800000 0.000001 0.000000 0.000001 -0.000000 -0.000000 -0.029057 0.598208
13.810000 0.000001 0.000000 0.000001 -0.000000 -0.000000 -0.028779 0.597993
13.820000 0.000001 0.000000 0.000001 -0.000000 -0.000000 -0.028502 0.597767
13.830000 0.000001 0.000000 0.000001 -0.000000 -0.000000 -0.028226 0.597530
13.840000 0.000001 0.000000 0.000001 -0.000000 -0.000000 -0.027952 0.597283
13.850000 0.000001 0.000000 0.000001 -0.000000 -0.000000 -0.027679 0.597026
13.860000 0.000001 0.000000 0.000001 -0.000000 -0.000000 -0.027407 0.596759
13.870000 0.000001 0.000000 0.000001 -0.000000 -0.000000 -0.027136 0.596482
13.880000 0.000001 0.000000 0.000001 -0.000000 -0.000000 -0.026867 0.596195
13.890000 0.000001 0.000000 0.000001 -0.000000 -0.000000 -0.026598 0.595899
13.900000 0.000001 0.000000 0.000001 -0.000000 -0.000000 -0.026331 0.595594
13.910000 0.000001 0.000000 0.000001 -0.000000 -0.000000 -0.026065 0.595279
13.920000 0.000001 0.000000 0.000001 -0.000000 -0.000000 -0.025800 0.594956
13.930000 0.000001 0.000000 0.000001 -0.000000 -0.000000 -0.025537 0.594624
13.940000 0.000001 0.000000 0.000001 -0.000000 -0.000000 -0.025274 0.594284
13.950000 0.000001 0.000000 0.000001 0.000000 -0.000000 -0.025012 0.593936
13.960000 0.000001 0.000000 0.000001 0.000000 -0.000000 -0.024752 0.593579
13.970000 0.000001 0.000000 0.000001 0.000000 -0.000000 -0.024492 0.593215
13.980000 0.000001 0.000000 0.000001 0.000000 -0.000000 -0.024234 0.592843
13.990000 0.000001 0.000000 0.000001 0.000000 -0.000000 -0.023976 0.592464
14.000000 0.000001 0.000000 0.000001 0.000000 -0.000000 -0.023719 0.592078
14.010000 0.000001 0.000000 0.000001 0.000000 -0.000000 -0.023464 0.591684
14.020000 0.000001 0.000000 0.000001 0.000000 -0.000000 -0.023209 0.591284
14.030000 0.000001 0.000000 0.000001 0.000000 -0.000000 -0.022955 0.590877
14.040000 0.000001 0.000000 0.000001 0.000000 -0.000000 -0.022703 0.590464
14.050000 0.000001 0.000000 0.000001 0.000000 -0.000000 -0.022451 0.590045
14.060000 0.000001 0.000000 0.000001 0.000000 -0.000000 -0.022200 0.589619
14.070000 0.000001 0.000000 0.000001 0.000000 -0.000000 -0.021949 0.589188
14.080000 0.000001 0.000000 0.000001 0.000000 -0.000000 -0.021700 0.588751
14.090000 0.000001 0.000000 0.000001 0.000000 -0.000000 -0.021451 0.588309
14.100000 0.000001 0.000000 0.000001 0.000000 -0.000000 -0.021204 0.587861
14.110000 0.000001 0.000000 0.000001 0.000000 -0.000000 -0.020957 0.587409
14.120000 0.000001 0.000000 0.000001 0.000000 -0.000000 -0.020711 0.586951
14.130000 0.000001 0.000000 0.000001 0.000000 -0.000000 -0.020465 0.586489
14.140000 0.000001 0.000000 0.000001 0.000000 -0.000000 -0.020221 0.586023
14.150000 0.000001 0.000000 0.000001 0.000000 -0.000000 -0.019977 0.585552
14.160000 0.000001 0.000000 0.000001 0.000000 -0.000000 -0.019733 0.585078
14.170000 0.000001 0.000000 0.000001 0.000000 -0.000000 -0.019491 0.584600
14.180000 0.000001 0.000000 0.000001 0.000000 -0.000000 -0.019249 0.584118
14.190000 0.000001 0.000000 0.000001 0.000000 -0.000000 -0.019007 0.583632
14.200000 0.000001 0.000000 0.000001 0.000000 -0.000000 -0.018767 0.583144
14.210000 0.000001 0.000000 0.000001 0.000000 -0.000000 -0.018527 0.582652
14.220000 0.000001 0.000000 0.000001 0.000000 -0.000000 -0.018287 0.582158
14.230000 0.000001 0.000000 0.000001 0.000000 -0.000000 -0.018048 0.581661
14.240000 0.000001 0.000000 0.000001 0.000000 -0.000000 -0.017810 0.581161
14.250000 0.000001 0.000000 0.000001 0.000000 -0.000000 -0.017572 0.580660
14.260000 0.000001 0.000000 0.000001 0.000000 -0.000000 -0.017335 0.580156
14.270000 0.000001 0.000000 0.000001 0.000000 -0.000000 -0.017098 0.579651
14.280000 0.000001 0.000000 0.000001 0.000000 -0.000000 -0.016862 0.579144
14.290000 0.000001 0.000000 0.000001 0.000000 -0.000000 -0.016626 0.578636
14.300000 0.000001 0.000000 0.000001 0.000000 -0.000000 -0.016391 0.578126
14.310000 0.000001 0.000000 0.000001 0.000000 -0.000000 -0.016156 0.577615
14.320000 0.000001 0.000000 0.000001 0.000000 -0.000000 -0.015922 0.577104
14.330000 0.000001 0.000000 0.000001 0.000000 -0.000000 -0.015688 0.576592
14.340000 0.000001 0.000000 0.000001 0.000000 -0.000000 -0.015454 0.576080
14.350000 0.000001 0.000000 0.000001 0.000000 -0.000000 -0.015221 0.575567
14.360000 0.000001 0.000000 0.000001 0.000000 -0.000000 -0.014988 0.575055
14.370000 0.000001 0.000000 0.000001 -0.000000 -0.000000 -0.014755 0.574542
14.380000 0.000001 0.000000 0.000001 -0.000000 -0.000000 -0.014523 0.574030
14.390000 0.000001 0.000000 0.000001 -0.000000 -0.000000 -0.014291 0.573519
14.400000 0.000001 0.000000 0.000001 -0.000000 -0.000000 -0.014059 0.573008
14.410000 0.000001 0.000000 0.000001 -0.000000 -0.000000 -0.013828 0.572499
14.420000 0.000001 0.000000 0.000001 -0.000000 -0.000000 -0.013596 0.571990
14.430000 0.000001 0.000000 0.000001 -0.000000 -0.000000 -0.013365 0.571483
14.440000 0.000001 0.000000 0.000001 -0.000000 -0.000000 -0.013135 0.570978
14.450000 0.000001 0.000000 0.000001 -0.000000 -0.000000 -0.012904 0.570474
14.460000 0.000001 0.000000 0.000001 -0.000000 -0.000000 -0.012673 0.569973
14.470000 0.000001 0.000000 0.000001 -0.000000 -0.000000 -0.012443 0.569474
14.480000 0.000001 0.000000 0.000001 -0.000000 -0.000000 -0.012213 0.568977
14.490000 0.000001 0.000000 0.000001 -0.000000 -0.000000 -0.011983 0.568482
14.500000 0.000001 0.000000 0.000001 -0.000000 -0.000000 -0.011753 0.567991
14.510000 0.000001 0.000000 0.000001 -0.000000 -0.000000 -0.011523 0.567502
14.520000 0.000001 0.000000 0.000001 -0.000000 -0.000000 -0.011293 0.567017
14.530000 0.000001 0.000000 0.000001 -0.000000 -0.000000 -0.011064 0.566535
14.540000 0.000001 0.000000 0.000001 -0.000000 -0.000000 -0.010834 0.566057
14.550000 0.000001 0.000000 0.000001 -0.000000 -0.000000 -0.010604 0.565582
14.560000 0.000001 0.000000 0.000001 -0.000000 -0.000000 -0.010375 0.565112
14.570000 0.000001 0.000000 0.000001 -0.000000 -0.000000 -0.010145 0.564645
14.580000 0.000001 0.000000 0.000001 -0.000000 -0.000000 -0.009915 0.564184
14.590000 0.000001 0.000000 0.000001 -0.000000 -0.000000 -0.009686 0.563726
14.600000 0.000001 0.000000 0.000001 -0.000000 -0.000000 -0.009456 0.563274
14.610000 0.000001 0.000000 0.000001 -0.000000 -0.000000 -0.009226 0.562826
14.620000 0.000001 0.000000 0.000001 -0.000000 -0.000000 -0.008996 0.562384
14.630000 0.000001 0.000000 0.000001 -0.000000 -0.000000 -0.008765 0.561947
14.640000 0.000001 0.000000 0.000001 -0.000000 -0.000000 -0.008535 0.561516
14.650000 0.000001 0.000000 0.000001 -0.000000 -0.000000 -0.008305 0.561091
14.660000 0.000001 0.000000 0.000001 -0.000000 -0.000000 -0.008074 0.560671
14.670000 0.000001 0.000000 0.000001 -0.000000 -0.000000 -0.007843 0.560258
14.680000 0.000001 0.000000 0.000001 -0.000000 -0.000000 -0.007612 0.559851
14.690000 0.000001 0.000000 0.000001 -0.000000 -0.000000 -0.007381 0.559451
14.700000 0.000001 0.000000 0.000001 -0.000000 -0.000000 -0.007149 0.559058
14.710000 0.000001 0.000000 0.000001 -0.000000 -0.000000 -0.006917 0.558672
14.720000 0.000001 0.000000 0.000001 -0.000000 -0.000000 -0.006685 0.558293
14.730000 0.000001 0.000000 0.000001 -0.000000 -0.000000 -0.006453 0.557921
14.740000 0.000001 0.000000 0.000001 -0.000000 -0.000000 -0.006220 0.557557
14.750000 0.000001 0.000000 0.000001 -0.000000 -0.000000 -0.005987 0.557200
14.760000 0.000001 0.000000 0.000001 -0.000000 -0.000000 -0.005754 0.556852
14.770000 0.000001 0.000000 0.000001 -0.000000 -0.000000 -0.005520 0.556512
14.780000 0.000001 0.000000 0.000001 0.000000 -0.000000 -0.005286 0.556181
14.790000 0.000001 0.000000 0.000001 0.000000 -0.000000 -0.005051 0.555858
14.800000 0.000001 0.000000 0.000001 0.000000 -0.000000 -0.004816 0.555543
14.810000 0.000001 0.000000 0.000001 0.000000 -0.000000 -0.004581 0.555238
14.820000 0.000001 0.000000 0.000001 0.000000 -0.000000 -0.004345 0.554942
14.830000 0.000001 0.000000 0.000001 0.000000 -0.000000 -0.004108 0.554656
14.840000 0.000001 0.000000 0.000001 0.000000 -0.000000 -0.003872 0.554379
14.850000 0.000001 0.000000 0.000001 0.000000 -0.000000 -0.003634 0.554112
14.860000 0.000001 0.000000 0.000001 0.000000 -0.000000 -0.003396 0.553854
14.870000 0.000001 0.000000 0.000001 0.000000 -0.000000 -0.003158 0.553608
14.880000 0.000001 0.000000 0.000001 0.000000 -0.000000 -0.002919 0.553371
14.890000 0.000001 0.000000 0.000001 0.000000 -0.000000 -0.002679 0.553145
14.900000 0.000001 0.000000 0.000001 0.000000 -0.000000 -0.002439 0.552930
14.910000 0.000001 0.000000 0.000001 0.000000 -0.000000 -0.002198 0.552726
14.920000 0.000001 0.000000 0.000001 0.000000 -0.000000 -0.001957 0.552533
14.930000 0.000001 0.000000 0.000001 0.000000 -0.000000 -0.001715 0.552352
14.940000 0.000001 0.000000 0.000001 0.000000 -0.000000 -0.001472 0.552182
14.950000 0.000001 0.000000 0.000001 0.000000 -0.000000 -0.001228 0.552024
14.960000 0.000001 0.000000 0.000001 0.000000 -0.000000 -0.000984 0.551879
14.970000 0.000001 0.000000 0.000001 0.000000 -0.000000 -0.000739 0.551745
14.980000 0.000001 0.000000 0.000001 0.000000 -0.000000 -0.000494 0.551624
14.990000 0.000001 0.000000 0.000001 0.000000 -0.000000 -0.000247 0.551515
