198  # number of data points
1.000000 0.000000 -1.466235 0.000000 0.000000 0.000000 -0.405225 0.994128
1.000000 0.000000 -1.330605 0.000000 0.000000 0.000000 -0.405551 0.992031
1.000000 0.000000 -1.119310 0.000000 0.000000 0.000000 -0.407506 0.980559
1.000000 0.000000 -0.880690 0.000000 0.000000 0.000000 -0.418998 0.942614
1.000000 0.000000 -0.669395 0.000000 0.000000 0.000000 -0.449748 0.862197
1.000000 0.000000 -0.533765 0.000000 0.000000 0.000000 -0.473599 0.760800
1.000000 0.000000 -0.466235 0.000000 0.000000 0.000000 -0.483565 0.687495
1.000000 0.000000 -0.330605 -0.000001 -0.000001 0.000010 -0.519978 0.385425
1.000000 0.000000 -0.119310 0.000000 0.000000 0.000000 -0.525558 0.214695
1.000000 0.000000 0.119310 0.000000 0.000000 0.000000 -0.525575 0.214579
1.000000 0.000000 0.330605 0.000005 0.000004 -0.000009 -0.520160 0.384586
1.000000 0.000000 0.466235 0.000000 0.000000 0.000000 -0.483653 0.687578
1.000000 0.000000 0.533765 0.000000 0.000000 0.000000 -0.473817 0.760897
1.000000 0.000000 0.669395 0.000000 0.000000 0.000000 -0.449372 0.862537
1.000000 0.000000 0.880690 0.000000 0.000000 0.000000 -0.419059 0.942770
1.000000 0.000000 1.119310 0.000028 0.000018 -0.000165 -0.407327 0.982135
1.000000 0.000000 1.330605 0.000000 0.000000 0.000000 -0.405591 0.992083
1.000000 0.000000 1.466235 0.000000 0.000000 0.000000 -0.405205 0.994123
1.900000 0.000000 -1.466235 0.000000 0.000000 0.000000 -0.398697 0.985202
1.900000 0.000000 -1.330605 0.000000 0.000000 0.000000 -0.399621 0.982019
1.900000 0.000000 -1.119310 0.000000 0.000000 0.000000 -0.404622 0.967640
1.900000 0.000000 -0.880690 -0.000018 0.000011 -0.000005 -0.416990 0.946958
1.900000 0.000000 -0.669395 0.000000 0.000000 0.000000 -0.431629 0.877753
1.900000 0.000000 -0.533765 -0.000000 0.000000 -0.000000 -0.437683 0.828025
1.900000 0.000000 -0.466235 -0.000000 0.000000 -0.000000 -0.439132 0.799829
1.900000 0.000000 -0.330605 0.000000 0.000000 0.000000 -0.439475 0.740426
1.900000 0.000000 -0.119310 0.000000 0.000000 0.000000 -0.436619 0.667968
1.900000 0.000000 0.119310 0.000000 0.000000 0.000000 -0.436610 0.668117
1.900000 0.000000 0.330605 0.000000 0.000000 0.000000 -0.439402 0.740765
1.900000 0.000000 0.466235 0.000000 0.000000 0.000000 -0.439217 0.800217
1.900000 0.000000 0.533765 0.000000 0.000000 0.000000 -0.437717 0.828467
1.900000 0.000000 0.669395 0.000000 -0.000000 -0.000000 -0.431635 0.878199
1.900000 0.000000 0.880690 0.000000 0.000000 0.000000 -0.417383 0.933102
1.900000 0.000000 1.119310 -0.000010 -0.000000 -0.000004 -0.403947 0.969490
1.900000 0.000000 1.330605 0.000000 0.000000 0.000000 -0.399630 0.982102
1.900000 0.000000 1.466235 -0.000101 -0.000001 -0.000006 -0.400804 0.988977
2.800000 0.000000 -1.466235 0.000000 0.000000 0.000000 -0.385677 0.979923
2.800000 0.000000 -1.330605 0.000000 -0.000000 -0.000000 -0.387188 0.975086
2.800000 0.000000 -1.119310 0.000000 0.000000 0.000000 -0.392974 0.953197
2.800000 0.000000 -0.880690 0.000000 -0.000000 -0.000000 -0.403767 0.905443
2.800000 0.000000 -0.669395 -0.000000 -0.000000 -0.000000 -0.414365 0.845218
2.800000 0.000000 -0.533765 0.000000 0.000000 -0.000000 -0.420569 0.803886
2.800000 0.000000 -0.466235 0.000000 0.000000 -0.000000 -0.423244 0.784361
2.800000 0.000000 -0.330605 0.000000 0.000000 0.000000 -0.427752 0.750302
2.800000 0.000000 -0.119310 0.000000 0.000000 0.000000 -0.431841 0.717618
2.800000 0.000000 0.119310 0.000000 0.000000 0.000000 -0.431846 0.717472
2.800000 0.000000 0.330605 0.000000 0.000000 0.000000 -0.427765 0.750029
2.800000 0.000000 0.466235 -0.000000 0.000000 -0.000000 -0.423238 0.784146
2.800000 0.000000 0.533765 0.000000 -0.000000 0.000000 -0.420555 0.803730
2.800000 0.000000 0.669395 0.000005 -0.000000 0.000001 -0.414378 0.845161
2.800000 0.000000 0.880690 0.000000 0.000000 0.000000 -0.403751 0.905602
2.800000 0.000000 1.119310 0.000015 -0.000000 -0.000003 -0.392415 0.956161
2.800000 0.000000 1.330605 0.000001 0.000000 0.000000 -0.387202 0.975183
2.800000 0.000000 1.466235 0.000010 0.000000 0.000000 -0.385677 0.979913
3.700000 0.000000 -1.466235 0.000000 0.000000 0.000000 -0.330674 0.977170
3.700000 0.000000 -1.330605 0.000000 0.000000 0.000000 -0.331127 0.972918
3.700000 0.000000 -1.119310 0.000000 0.000000 0.000000 -0.332918 0.954187
3.700000 0.000000 -0.880690 -0.000000 -0.000000 0.000000 -0.336294 0.914615
3.700000 0.000000 -0.669395 0.000000 0.000000 0.000000 -0.340226 0.869382
3.700000 0.000000 -0.533765 0.000000 0.000000 0.000000 -0.342971 0.841154
3.700000 0.000000 -0.466235 0.000000 0.000000 0.000000 -0.344314 0.828529
3.700000 0.000000 -0.330605 0.000000 0.000000 0.000000 -0.346728 0.807521
3.700000 0.000000 -0.119310 0.000000 0.000000 0.000000 -0.349177 0.788410
3.700000 0.000000 0.119310 0.000000 0.000000 0.000000 -0.349190 0.788282
3.700000 0.000000 0.330605 0.000000 0.000000 0.000000 -0.346726 0.807239
3.700000 0.000000 0.466235 0.000000 0.000000 0.000000 -0.344276 0.828236
3.700000 0.000000 0.533765 0.000000 0.000000 0.000000 -0.342939 0.840874
3.700000 0.000000 0.669395 0.000000 0.000000 0.000000 -0.340235 0.869247
3.700000 0.000000 0.880690 0.000000 0.000000 0.000000 -0.336286 0.914711
3.700000 0.000000 1.119310 -0.000012 0.000001 -0.000002 -0.332728 0.956514
3.700000 0.000000 1.330605 0.000000 -0.000000 0.000000 -0.331119 0.973041
3.700000 0.000000 1.466235 0.000000 0.000000 0.000000 -0.330685 0.977197
4.600000 0.000000 -1.466235 0.000000 -0.000000 0.000000 -0.271251 0.972691
4.600000 0.000000 -1.330605 -0.000000 0.000000 -0.000000 -0.271163 0.969654
4.600000 0.000000 -1.119310 0.000001 -0.000000 0.000000 -0.271004 0.956624
4.600000 0.000000 -0.880690 -0.000002 0.000000 -0.000001 -0.270982 0.930418
4.600000 0.000000 -0.669395 -0.000000 0.000000 -0.000000 -0.271230 0.900058
4.600000 0.000000 -0.533765 -0.000002 0.000000 -0.000000 -0.271162 0.879692
4.600000 0.000000 -0.466235 -0.000005 0.000001 -0.000000 -0.270914 0.869907
4.600000 0.000000 -0.330605 -0.000000 0.000000 0.000000 -0.270153 0.852100
4.600000 0.000000 -0.119310 -0.000000 0.000000 0.000000 -0.268852 0.833688
4.600000 0.000000 0.119310 -0.000000 -0.000000 -0.000000 -0.267713 0.834418
4.600000 0.000000 0.330605 -0.000002 0.000000 0.000000 -0.270164 0.852484
4.600000 0.000000 0.466235 0.000000 -0.000000 -0.000000 -0.270913 0.870309
4.600000 0.000000 0.533765 -0.000000 0.000000 0.000000 -0.271161 0.880084
4.600000 0.000000 0.669395 -0.000002 0.000000 0.000001 -0.271262 0.900434
4.600000 0.000000 0.880690 -0.000000 0.000000 0.000000 -0.269840 0.931038
4.600000 0.000000 1.119310 0.000000 0.000000 0.000000 -0.269807 0.957035
4.600000 0.000000 1.330605 0.000000 -0.000000 -0.000000 -0.270068 0.969690
4.600000 0.000000 1.466235 -0.000000 0.000000 0.000000 -0.270178 0.972587
5.500000 0.000000 -1.466235 0.000000 0.000000 0.000000 -0.235053 0.965688
5.500000 0.000000 -1.330605 0.000000 0.000000 0.000000 -0.235133 0.963182
5.500000 0.000000 -1.119310 0.000000 0.000000 0.000000 -0.235744 0.952779
5.500000 0.000000 -0.880690 0.000000 0.000000 0.000000 -0.237507 0.931732
5.500000 0.000000 -0.669395 0.000000 0.000000 0.000000 -0.239385 0.906009
5.500000 0.000000 -0.533765 0.000000 -0.000000 0.000000 -0.240033 0.887532
5.500000 0.000000 -0.466235 -0.000024 0.000004 -0.000007 -0.248846 0.878508
5.500000 0.000000 -0.330605 0.000000 0.000000 0.000000 -0.239646 0.861690
5.500000 0.000000 -0.119310 0.000000 0.000000 0.000000 -0.238540 0.844823
5.500000 0.000000 0.119310 0.000000 0.000000 0.000000 -0.238598 0.845219
5.500000 0.000000 0.330605 0.000000 0.000000 0.000000 -0.239777 0.862629
5.500000 0.000000 0.466235 0.000000 0.000000 0.000000 -0.240209 0.879495
5.500000 0.000000 0.533765 0.000000 0.000000 0.000000 -0.240162 0.888634
5.500000 0.000000 0.669395 -0.000000 0.000000 0.000000 -0.239509 0.907022
5.500000 0.000000 0.880690 0.000000 0.000000 0.000000 -0.237518 0.932473
5.500000 0.000000 1.119310 -0.000017 0.000001 -0.000006 -0.235683 0.954322
5.500000 0.000000 1.330605 0.000000 0.000000 0.000000 -0.235139 0.963359
5.500000 0.000000 1.466235 -0.000000 0.000000 0.000000 -0.235058 0.965723
6.400000 0.000000 -1.466235 -0.000000 -0.000000 0.000000 -0.217606 0.959626
6.400000 0.000000 -1.330605 0.000000 0.000000 -0.000000 -0.217865 0.956944
6.400000 0.000000 -1.119310 -0.000000 -0.000000 0.000000 -0.219018 0.945844
6.400000 0.000000 -0.880690 0.000000 0.000000 -0.000000 -0.221360 0.924035
6.400000 0.000000 -0.669395 0.000000 -0.000000 0.000000 -0.220850 0.896717
6.400000 0.000000 -0.533765 0.000000 -0.000000 0.000000 -0.221861 0.879443
6.400000 0.000000 -0.466235 0.000000 0.000000 0.000000 -0.222187 0.871283
6.400000 0.000000 -0.330605 -0.000000 0.000000 -0.000000 -0.225199 0.858071
6.400000 0.000000 -0.119310 -0.000000 0.000000 0.000000 -0.225043 0.844163
6.400000 0.000000 0.119310 -0.000000 0.000000 0.000000 -0.225093 0.844681
6.400000 0.000000 0.330605 -0.000000 0.000000 0.000000 -0.222610 0.858288
6.400000 0.000000 0.466235 -0.000000 -0.000000 -0.000000 -0.225070 0.874069
6.400000 0.000000 0.533765 0.000000 0.000000 0.000000 -0.224784 0.882408
6.400000 0.000000 0.669395 0.000000 0.000001 0.000000 -0.223711 0.899770
6.400000 0.000000 0.880690 0.000000 0.000000 0.000000 -0.221379 0.925088
6.400000 0.000000 1.119310 0.000001 0.000002 0.000002 -0.218912 0.946498
6.400000 0.000000 1.330605 0.000000 0.000000 -0.000000 -0.217860 0.957182
6.400000 0.000000 1.466235 0.000000 0.000001 -0.000000 -0.217567 0.959680
7.300000 0.000000 -1.466235 0.000000 0.000000 0.000000 -0.190945 0.951350
7.300000 0.000000 -1.330605 0.000000 0.000000 0.000000 -0.191189 0.948190
7.300000 0.000000 -1.119310 0.000000 0.000000 0.000000 -0.192287 0.935612
7.300000 0.000000 -0.880690 0.000000 0.000000 0.000000 -0.194086 0.911966
7.300000 0.000000 -0.669395 0.000000 0.000000 0.000000 -0.195658 0.885966
7.300000 0.000000 -0.533765 0.000000 0.000000 0.000000 -0.196430 0.869039
7.300000 0.000000 -0.466235 0.000000 -0.000000 0.000000 -0.196702 0.861124
7.300000 0.000000 -0.330605 0.000000 0.000000 0.000000 -0.197059 0.847267
7.300000 0.000000 -0.119310 0.000000 0.000000 0.000000 -0.197244 0.833999
7.300000 0.000000 0.119310 0.000000 0.000000 0.000000 -0.197315 0.834801
7.300000 0.000000 0.330605 0.000000 0.000000 0.000000 -0.197225 0.849139
7.300000 0.000000 0.466235 0.000000 0.000000 0.000000 -0.196904 0.863310
7.300000 0.000000 0.533765 0.000000 0.000000 0.000000 -0.196624 0.871270
7.300000 0.000000 0.669395 0.000000 0.000000 0.000000 -0.195872 0.888093
7.300000 0.000000 0.880690 0.000000 0.000000 0.000000 -0.194206 0.913628
7.300000 0.000000 1.119310 -0.000019 -0.000003 0.000013 -0.192252 0.937895
7.300000 0.000000 1.330605 0.000000 0.000000 0.000000 -0.191221 0.948609
7.300000 0.000000 1.466235 0.000015 -0.000002 -0.000003 -0.205158 0.955307
8.200000 0.000000 -1.466235 0.000000 0.000000 0.000000 -0.156531 0.942424
8.200000 0.000000 -1.330605 0.000000 -0.000000 0.000000 -0.164286 0.941349
8.200000 0.000000 -1.119310 -0.000000 0.000000 -0.000000 -0.164879 0.928386
8.200000 0.000000 -0.880690 0.000000 -0.000000 0.000001 -0.165713 0.904279
8.200000 0.000000 -0.669395 0.000000 -0.000000 0.000000 -0.166628 0.877583
8.200000 0.000000 -0.533765 0.000001 -0.000000 0.000000 -0.167225 0.859910
8.200000 0.000000 -0.466235 0.000002 -0.000001 0.000000 -0.167462 0.851532
8.200000 0.000000 -0.330605 0.000000 0.000000 0.000000 -0.159454 0.833090
8.200000 0.000000 -0.119310 0.000000 -0.000000 0.000000 -0.168279 0.822174
8.200000 0.000000 0.119310 0.000001 -0.000000 0.000000 -0.168340 0.823280
8.200000 0.000000 0.330605 0.000000 -0.000000 -0.000000 -0.168029 0.839226
8.200000 0.000000 0.466235 0.000000 0.000000 0.000000 -0.159218 0.851661
8.200000 0.000000 0.533765 0.000000 -0.000000 -0.000000 -0.167416 0.862962
8.200000 0.000000 0.669395 0.000000 0.000000 -0.000000 -0.158503 0.878179
8.200000 0.000000 0.880690 0.000000 0.000000 0.000000 -0.157758 0.904503
8.200000 0.000000 1.119310 -0.000001 0.000000 -0.000000 -0.157028 0.929036
8.200000 0.000000 1.330605 0.000000 0.000000 0.000000 -0.164356 0.941944
8.200000 0.000000 1.466235 0.000001 0.000000 0.000000 -0.164166 0.944766
9.100000 0.000000 -1.466235 0.000000 0.000000 0.000000 -0.128809 0.929783
9.100000 0.000000 -1.330605 0.000000 0.000000 0.000000 -0.128758 0.926473
9.100000 0.000000 -1.119310 0.000000 0.000000 0.000000 -0.128701 0.913654
9.100000 0.000000 -0.880690 0.000000 0.000000 0.000000 -0.128761 0.888781
9.100000 0.000000 -0.669395 0.000000 0.000000 0.000000 -0.128996 0.859664
9.100000 0.000000 -0.533765 0.000000 0.000000 0.000000 -0.129220 0.839582
9.100000 0.000000 -0.466235 0.000000 0.000000 0.000000 -0.129315 0.829902
9.100000 0.000000 -0.330605 0.000000 0.000000 0.000000 -0.129467 0.812540
9.100000 0.000000 -0.119310 0.000000 0.000000 0.000000 -0.129595 0.795640
9.100000 0.000000 0.119310 0.000000 0.000000 0.000000 -0.129597 0.797311
9.100000 0.000000 0.330605 0.000000 0.000000 0.000000 -0.129474 0.816502
9.100000 0.000000 0.466235 0.000000 0.000000 0.000000 -0.129308 0.834582
9.100000 0.000000 0.533765 0.000000 0.000000 0.000000 -0.129204 0.844384
9.100000 0.000000 0.669395 0.000000 0.000000 0.000000 -0.129027 0.864289
9.100000 0.000000 0.880690 0.000000 0.000000 0.000000 -0.128765 0.892443
9.100000 0.000000 1.119310 -0.000014 0.000001 -0.000002 -0.128751 0.917159
9.100000 0.000000 1.330605 0.000000 0.000000 0.000000 -0.128785 0.927437
9.100000 0.000000 1.466235 0.000000 0.000000 0.000000 -0.128811 0.929975
10.000000 0.000000 -1.466235 0.000000 -0.000000 0.000000 -0.112736 0.912655
10.000000 0.000000 -1.330605 -0.000000 0.000000 -0.000000 -0.112754 0.909106
10.000000 0.000000 -1.119310 0.000000 -0.000000 0.000000 -0.113011 0.895363
10.000000 0.000000 -0.880690 -0.000000 0.000000 -0.000000 -0.113285 0.868509
10.000000 0.000000 -0.669395 0.000000 0.000000 0.000000 -0.113522 0.836407
10.000000 0.000000 -0.533765 -0.000000 0.000000 -0.000000 -0.113609 0.814237
10.000000 0.000000 -0.466235 -0.000000 0.000000 -0.000000 -0.113658 0.803566
10.000000 0.000000 -0.330605 -0.000000 0.000000 -0.000000 -0.113492 0.784524
10.000000 0.000000 -0.119310 -0.000000 0.000000 0.000000 -0.113377 0.766254
10.000000 0.000000 0.119310 -0.000000 0.000000 -0.000000 -0.113372 0.768302
10.000000 0.000000 0.330605 -0.000000 0.000000 -0.000000 -0.113489 0.789532
10.000000 0.000000 0.466235 0.000000 -0.000000 0.000000 -0.113562 0.809522
10.000000 0.000000 0.533765 0.000000 -0.000000 -0.000000 -0.113514 0.820366
10.000000 0.000000 0.669395 0.000000 -0.000000 -0.000000 -0.113501 0.842416
10.000000 0.000000 0.880690 0.000000 -0.000000 -0.000000 -0.113144 0.873344
10.000000 0.000000 1.119310 0.000000 -0.000000 -0.000000 -0.112996 0.898427
10.000000 0.000000 1.330605 0.000000 -0.000000 -0.000000 -0.112695 0.910377
10.000000 0.000000 1.466235 0.000000 -0.000000 -0.000000 -0.112806 0.912870
